
> docs@0.0.0 build
> next build

   ▲ Next.js 15.5.6

   Creating an optimized production build ...
 ✓ Compiled successfully in 7.4s
   Linting and checking validity of types ...

 ⚠ The Next.js plugin was not detected in your ESLint configuration. See https://nextjs.org/docs/app/api-reference/config/eslint#migrating-existing-config
   Collecting page data ...
   Generating static pages (0/8) ...
   Generating static pages (2/8) 
   Generating static pages (4/8) 
   Generating static pages (6/8) 
 ✓ Generating static pages (8/8)
   Finalizing page optimization ...
   Collecting build traces ...

Route (app)                                 Size  First Load JS
┌ ○ /                                      122 B         102 kB
├ ○ /_not-found                            987 B         103 kB
├ ○ /components                            658 B         582 kB
├ ○ /components/button                     743 B         579 kB
├ ○ /components/typography               1.37 kB         580 kB
└ ○ /design-tokens                         158 B         571 kB
+ First Load JS shared by all             102 kB
  ├ chunks/18-6392ce3d80e16349.js        45.7 kB
  ├ chunks/87c73c54-0375ba195de27293.js  54.2 kB
  └ other shared chunks (total)             2 kB


○  (Static)  prerendered as static content

