
> @juscash/design-system@0.0.0 build
> tsup

[34mCLI[39m Building entry: src/index.ts
[34mCLI[39m Using tsconfig: tsconfig.json
[34mCLI[39m tsup v8.5.1
[34mCLI[39m Using tsup config: C:\projetos\design-system\packages\ui\tsup.config.ts
[34mCLI[39m Target: es2020
[34mCLI[39m Cleaning output folder
[34mESM[39m Build start
[34mCJS[39m Build start
[32mCJS[39m [1mdist\index.cjs     [22m[32m17.63 KB[39m
[32mCJS[39m [1mdist\index.cjs.map [22m[32m24.61 KB[39m
[32mCJS[39m ⚡️ Build success in 104ms
[32mESM[39m [1mdist\index.js     [22m[32m16.96 KB[39m
[32mESM[39m [1mdist\index.js.map [22m[32m24.25 KB[39m
[32mESM[39m ⚡️ Build success in 106ms
[34mDTS[39m Build start
[32mDTS[39m ⚡️ Build success in 2405ms
[32mDTS[39m [1mdist\index.d.ts  [22m[32m1.77 KB[39m
[32mDTS[39m [1mdist\index.d.cts [22m[32m1.77 KB[39m
